
*** Running vivado
    with args -log sbra_testbench.vds -m64 -product Vivado -mode batch -messageDb vivado.pb -notrace -source sbra_testbench.tcl


ECHO is off.
ECHO is off.

****** Vivado v2023.2 (64-bit)
  **** SW Build 4029153 on Fri Oct 13 20:14:34 MDT 2023
  **** IP Build 4028589 on Sat Oct 14 00:45:43 MDT 2023
  **** SharedData Build 4025554 on Tue Oct 10 17:18:54 MDT 2023
    ** Copyright 1986-2022 Xilinx, Inc. All Rights Reserved.
    ** Copyright 2022-2023 Advanced Micro Devices, Inc. All Rights Reserved.

source sbra_testbench.tcl -notrace
create_project: Time (s): cpu = 00:00:07 ; elapsed = 00:00:23 . Memory (MB): peak = 474.219 ; gain = 178.703
Command: synth_design -top sbra_testbench -part xc7k70tfbv676-1
Starting synth_design
Attempting to get a license for feature 'Synthesis' and/or device 'xc7k70t'
INFO: [Common 17-349] Got license for feature 'Synthesis' and/or device 'xc7k70t'
INFO: [Synth 8-7079] Multithreading enabled for synth_design using a maximum of 2 processes.
INFO: [Synth 8-7078] Launching helper process for spawning children vivado processes
INFO: [Synth 8-7075] Helper process launched with PID 4980
---------------------------------------------------------------------------------
Starting Synthesize : Time (s): cpu = 00:00:07 ; elapsed = 00:00:17 . Memory (MB): peak = 922.852 ; gain = 443.691
---------------------------------------------------------------------------------
INFO: [Synth 8-6157] synthesizing module 'sbra_testbench' [C:/Users/skomo/Desktop/3C7 Labs/Lab C/Lab C.srcs/sources_1/imports/Downloads/eq2_tb.v:7]
ERROR: [Synth 8-439] module 'ripple_adder' not found [C:/Users/skomo/Desktop/3C7 Labs/Lab C/Lab C.srcs/sources_1/imports/Downloads/eq2_tb.v:15]
ERROR: [Synth 8-6156] failed synthesizing module 'sbra_testbench' [C:/Users/skomo/Desktop/3C7 Labs/Lab C/Lab C.srcs/sources_1/imports/Downloads/eq2_tb.v:7]
---------------------------------------------------------------------------------
Finished Synthesize : Time (s): cpu = 00:00:08 ; elapsed = 00:00:21 . Memory (MB): peak = 1028.230 ; gain = 549.070
---------------------------------------------------------------------------------
synthesize failed
INFO: [Common 17-83] Releasing license: Synthesis
6 Infos, 0 Warnings, 0 Critical Warnings and 3 Errors encountered.
synth_design failed
ERROR: [Common 17-69] Command failed: Vivado Synthesis failed
INFO: [Common 17-206] Exiting Vivado at Sat Feb 24 19:55:31 2024...
