
*** Running vivado
    with args -log modulator_wrapper.vds -m64 -product Vivado -mode batch -messageDb vivado.pb -notrace -source modulator_wrapper.tcl


ECHO is off.
ECHO is off.

****** Vivado v2023.2 (64-bit)
  **** SW Build 4029153 on Fri Oct 13 20:14:34 MDT 2023
  **** IP Build 4028589 on Sat Oct 14 00:45:43 MDT 2023
  **** SharedData Build 4025554 on Tue Oct 10 17:18:54 MDT 2023
    ** Copyright 1986-2022 Xilinx, Inc. All Rights Reserved.
    ** Copyright 2022-2023 Advanced Micro Devices, Inc. All Rights Reserved.

source modulator_wrapper.tcl -notrace
create_project: Time (s): cpu = 00:00:09 ; elapsed = 00:00:17 . Memory (MB): peak = 473.898 ; gain = 181.430
Command: synth_design -top modulator_wrapper -part xc7z020clg484-1
Starting synth_design
Attempting to get a license for feature 'Synthesis' and/or device 'xc7z020'
INFO: [Common 17-349] Got license for feature 'Synthesis' and/or device 'xc7z020'
INFO: [Synth 8-7079] Multithreading enabled for synth_design using a maximum of 2 processes.
INFO: [Synth 8-7078] Launching helper process for spawning children vivado processes
INFO: [Synth 8-7075] Helper process launched with PID 3240
---------------------------------------------------------------------------------
Starting Synthesize : Time (s): cpu = 00:00:07 ; elapsed = 00:00:15 . Memory (MB): peak = 922.945 ; gain = 445.090
---------------------------------------------------------------------------------
ERROR: [Synth 8-11560] semicolon after last interface declaration is only supported in VHDL 1076-2019 [C:/Users/skomo/Desktop/3C7 Labs/Lab D/modulator/modulator.srcs/sources_1/imports/Tutorial code/pwm_rtl.vhd:7]
INFO: [Synth 8-11252] unit 'pwm' is ignored due to previous errors [C:/Users/skomo/Desktop/3C7 Labs/Lab D/modulator/modulator.srcs/sources_1/imports/Tutorial code/pwm_rtl.vhd:18]
INFO: [Synth 8-10443] VHDL file 'C:/Users/skomo/Desktop/3C7 Labs/Lab D/modulator/modulator.srcs/sources_1/imports/Tutorial code/pwm_rtl.vhd' is ignored due to errors
ERROR: [Synth 8-439] module 'modulator_wrapper' not found
---------------------------------------------------------------------------------
Finished Synthesize : Time (s): cpu = 00:00:09 ; elapsed = 00:00:18 . Memory (MB): peak = 1030.582 ; gain = 552.727
---------------------------------------------------------------------------------
synthesize failed
INFO: [Common 17-83] Releasing license: Synthesis
7 Infos, 0 Warnings, 0 Critical Warnings and 3 Errors encountered.
synth_design failed
ERROR: [Common 17-69] Command failed: Vivado Synthesis failed
INFO: [Common 17-206] Exiting Vivado at Tue Feb 20 19:02:49 2024...
